<?xml version="1.0" encoding="UTF-8"?>
<!-- Generated by org.testng.reporters.JUnitReportReporter -->
<testsuite hostname="LAPTOP-7A0448U0" failures="0" tests="1" name="com.testpages.HomePageTest" time="19.726" errors="0" timestamp="2020-09-01T23:28:05 BST" skipped="0">
  <testcase classname="com.testpages.HomePageTest" name="homePageLuanch" time="19.726"/>
  <system-out/>
</testsuite> <!-- com.testpages.HomePageTest -->
